#Packing pin usage report
Type: io
	Input Pin Usage:
		Max: 1.00 (1.00)
		Avg: 0.80 (0.80)
		Min: 0.00 (0.00)
		Histogram:
		[        0:      0.1) 2 (20.0%) |************
		[      0.1:      0.2) 0 ( 0.0%) |
		[      0.2:      0.3) 0 ( 0.0%) |
		[      0.3:      0.4) 0 ( 0.0%) |
		[      0.4:      0.5) 0 ( 0.0%) |
		[      0.5:      0.6) 0 ( 0.0%) |
		[      0.6:      0.7) 0 ( 0.0%) |
		[      0.7:      0.8) 0 ( 0.0%) |
		[      0.8:      0.9) 0 ( 0.0%) |
		[      0.9:        1) 8 (80.0%) |*************************************************
	Output Pin Usage:
		Max: 1.00 (1.00)
		Avg: 0.20 (0.20)
		Min: 0.00 (0.00)
		Histogram:
		[        0:      0.1) 8 (80.0%) |*************************************************
		[      0.1:      0.2) 0 ( 0.0%) |
		[      0.2:      0.3) 0 ( 0.0%) |
		[      0.3:      0.4) 0 ( 0.0%) |
		[      0.4:      0.5) 0 ( 0.0%) |
		[      0.5:      0.6) 0 ( 0.0%) |
		[      0.6:      0.7) 0 ( 0.0%) |
		[      0.7:      0.8) 0 ( 0.0%) |
		[      0.8:      0.9) 0 ( 0.0%) |
		[      0.9:        1) 2 (20.0%) |************

Type: clb
	Input Pin Usage:
		Max: 28.00 (0.76)
		Avg: 19.50 (0.53)
		Min: 11.00 (0.30)
		Histogram:
		[        0:      3.7) 0 ( 0.0%) |
		[      3.7:      7.4) 0 ( 0.0%) |
		[      7.4:       11) 1 (50.0%) |**************************************************
		[       11:       15) 0 ( 0.0%) |
		[       15:       18) 0 ( 0.0%) |
		[       18:       22) 0 ( 0.0%) |
		[       22:       26) 0 ( 0.0%) |
		[       26:       30) 1 (50.0%) |**************************************************
		[       30:       33) 0 ( 0.0%) |
		[       33:       37) 0 ( 0.0%) |
	Output Pin Usage:
		Max: 9.00 (0.47)
		Avg: 6.00 (0.32)
		Min: 3.00 (0.16)
		Histogram:
		[        0:      1.9) 0 ( 0.0%) |
		[      1.9:      3.8) 1 (50.0%) |**************************************************
		[      3.8:      5.7) 0 ( 0.0%) |
		[      5.7:      7.6) 0 ( 0.0%) |
		[      7.6:      9.5) 1 (50.0%) |**************************************************
		[      9.5:       11) 0 ( 0.0%) |
		[       11:       13) 0 ( 0.0%) |
		[       13:       15) 0 ( 0.0%) |
		[       15:       17) 0 ( 0.0%) |
		[       17:       19) 0 ( 0.0%) |

