#Packing pin usage report
Type: io
	Input Pin Usage:
		Max: 1.00 (0.50)
		Avg: 0.57 (0.29)
		Min: 0.00 (0.00)
		Histogram:
		[        0:      0.2) 3 ( 42.9%) |*************************************
		[      0.2:      0.4) 0 (  0.0%) |
		[      0.4:      0.6) 0 (  0.0%) |
		[      0.6:      0.8) 0 (  0.0%) |
		[      0.8:        1) 4 ( 57.1%) |*************************************************
		[        1:      1.2) 0 (  0.0%) |
		[      1.2:      1.4) 0 (  0.0%) |
		[      1.4:      1.6) 0 (  0.0%) |
		[      1.6:      1.8) 0 (  0.0%) |
		[      1.8:        2) 0 (  0.0%) |
	Output Pin Usage:
		Max: 1.00 (1.00)
		Avg: 0.43 (0.43)
		Min: 0.00 (0.00)
		Histogram:
		[        0:      0.1) 4 ( 57.1%) |*************************************************
		[      0.1:      0.2) 0 (  0.0%) |
		[      0.2:      0.3) 0 (  0.0%) |
		[      0.3:      0.4) 0 (  0.0%) |
		[      0.4:      0.5) 0 (  0.0%) |
		[      0.5:      0.6) 0 (  0.0%) |
		[      0.6:      0.7) 0 (  0.0%) |
		[      0.7:      0.8) 0 (  0.0%) |
		[      0.8:      0.9) 0 (  0.0%) |
		[      0.9:        1) 3 ( 42.9%) |*************************************

Type: clb
	Input Pin Usage:
		Max: 5.00 (0.09)
		Avg: 5.00 (0.09)
		Min: 5.00 (0.09)
		Histogram:
		[        0:      5.4) 1 (100.0%) |**************************************************
		[      5.4:       11) 0 (  0.0%) |
		[       11:       16) 0 (  0.0%) |
		[       16:       22) 0 (  0.0%) |
		[       22:       27) 0 (  0.0%) |
		[       27:       32) 0 (  0.0%) |
		[       32:       38) 0 (  0.0%) |
		[       38:       43) 0 (  0.0%) |
		[       43:       49) 0 (  0.0%) |
		[       49:       54) 0 (  0.0%) |
	Output Pin Usage:
		Max: 4.00 (0.19)
		Avg: 4.00 (0.19)
		Min: 4.00 (0.19)
		Histogram:
		[        0:      2.1) 0 (  0.0%) |
		[      2.1:      4.2) 1 (100.0%) |**************************************************
		[      4.2:      6.3) 0 (  0.0%) |
		[      6.3:      8.4) 0 (  0.0%) |
		[      8.4:       10) 0 (  0.0%) |
		[       10:       13) 0 (  0.0%) |
		[       13:       15) 0 (  0.0%) |
		[       15:       17) 0 (  0.0%) |
		[       17:       19) 0 (  0.0%) |
		[       19:       21) 0 (  0.0%) |

