#Packing pin usage report
Type: io
	Input Pin Usage:
		Max: 1.00 (0.50)
		Avg: 0.70 (0.35)
		Min: 0.00 (0.00)
		Histogram:
		[        0:      0.2)  52 ( 29.9%) |********************
		[      0.2:      0.4)   0 (  0.0%) |
		[      0.4:      0.6)   0 (  0.0%) |
		[      0.6:      0.8)   0 (  0.0%) |
		[      0.8:        1) 122 ( 70.1%) |***********************************************
		[        1:      1.2)   0 (  0.0%) |
		[      1.2:      1.4)   0 (  0.0%) |
		[      1.4:      1.6)   0 (  0.0%) |
		[      1.6:      1.8)   0 (  0.0%) |
		[      1.8:        2)   0 (  0.0%) |
	Output Pin Usage:
		Max: 1.00 (1.00)
		Avg: 0.30 (0.30)
		Min: 0.00 (0.00)
		Histogram:
		[        0:      0.1) 122 ( 70.1%) |***********************************************
		[      0.1:      0.2)   0 (  0.0%) |
		[      0.2:      0.3)   0 (  0.0%) |
		[      0.3:      0.4)   0 (  0.0%) |
		[      0.4:      0.5)   0 (  0.0%) |
		[      0.5:      0.6)   0 (  0.0%) |
		[      0.6:      0.7)   0 (  0.0%) |
		[      0.7:      0.8)   0 (  0.0%) |
		[      0.8:      0.9)   0 (  0.0%) |
		[      0.9:        1)  52 ( 29.9%) |********************

Type: clb
	Input Pin Usage:
		Max: 31.00 (0.57)
		Avg: 21.95 (0.41)
		Min: 4.00 (0.07)
		Histogram:
		[        0:      5.4)  1 (  1.8%) |**
		[      5.4:       11)  2 (  3.6%) |****
		[       11:       16)  8 ( 14.5%) |*****************
		[       16:       22) 11 ( 20.0%) |***********************
		[       22:       27) 23 ( 41.8%) |************************************************
		[       27:       32) 10 ( 18.2%) |*********************
		[       32:       38)  0 (  0.0%) |
		[       38:       43)  0 (  0.0%) |
		[       43:       49)  0 (  0.0%) |
		[       49:       54)  0 (  0.0%) |
	Output Pin Usage:
		Max: 13.00 (0.62)
		Avg: 7.53 (0.36)
		Min: 1.00 (0.05)
		Histogram:
		[        0:      2.1)  2 (  3.6%) |****
		[      2.1:      4.2)  0 (  0.0%) |
		[      4.2:      6.3) 15 ( 27.3%) |*******************************
		[      6.3:      8.4) 23 ( 41.8%) |************************************************
		[      8.4:       10)  7 ( 12.7%) |***************
		[       10:       13)  7 ( 12.7%) |***************
		[       13:       15)  1 (  1.8%) |**
		[       15:       17)  0 (  0.0%) |
		[       17:       19)  0 (  0.0%) |
		[       19:       21)  0 (  0.0%) |

